<?xml version="1.0" encoding="UTF-8"?>
<!-- Generated by org.testng.reporters.JUnitXMLReporter -->
<testsuite hostname="DESKTOP-15D6S6Q" ignored="0" name="CRMPRO testing feature" tests="8" failures="2" timestamp="08 Feb 2019 21:30:32 GMT" time="144.992" errors="0">
  <testcase name="printAllLink" time="8.844" classname="com.crmpro.TestCase.HomePageTest"/>
  <testcase name="varifyContactLink" time="1.756" classname="com.crmpro.TestCase.HomePageTest"/>
  <testcase name="varifyLogout" time="2.184" classname="com.crmpro.TestCase.HomePageTest"/>
  <testcase name="varifyTable" time="1.476" classname="com.crmpro.TestCase.HomePageTest"/>
  <testcase name="CreateNewContacts" time="2.602" classname="com.crmpro.TestCase.ContactsPageTest">
    <failure type="java.lang.NoClassDefFoundError" message="org/apache/commons/collections4/ListValuedMap">
      <![CDATA[java.lang.NoClassDefFoundError: org/apache/commons/collections4/ListValuedMap
at com.crmpro.utils.TestUtile.readExcelfile(TestUtile.java:69)
at com.cempro.pages.Contacts.createNewContact(Contacts.java:71)
at com.crmpro.TestCase.ContactsPageTest.CreateNewContacts(ContactsPageTest.java:41)
Caused by: java.lang.ClassNotFoundException: org.apache.commons.collections4.ListValuedMap
at java.net.URLClassLoader.findClass(Unknown Source)
at java.lang.ClassLoader.loadClass(Unknown Source)
at sun.misc.Launcher$AppClassLoader.loadClass(Unknown Source)
at java.lang.ClassLoader.loadClass(Unknown Source)
... 28 more
... Removed 25 stack frames]]>
    </failure>
  </testcase> <!-- CreateNewContacts -->
  <testcase name="varfied_CombineFormLink_IsPresent" time="0.34" classname="com.crmpro.TestCase.ContactsPageTest"/>
  <testcase name="varfied_FullSearchForm_IsPresent" time="0.825" classname="com.crmpro.TestCase.ContactsPageTest">
    <failure type="java.lang.AssertionError" message="expected [Full Search Form] but found []">
      <![CDATA[java.lang.AssertionError: expected [Full Search Form] but found []
at com.crmpro.TestCase.ContactsPageTest.varfied_FullSearchForm_IsPresent(ContactsPageTest.java:62)
... Removed 31 stack frames]]>
    </failure>
  </testcase> <!-- varfied_FullSearchForm_IsPresent -->
  <testcase name="LogInTest" time="7.945" classname="com.crmpro.TestCase.LogInPageTest"/>
</testsuite> <!-- CRMPRO testing feature -->
